# JRE version: Java(TM) SE Runtime Environment (8.0_161-b12) (build 1.8.0_161-b12)
# Java VM: Java HotSpot(TM) 64-Bit Server VM (25.161-b12 mixed mode windows-amd64 compressed oops)
Heap:
 PSYoungGen      total 497664K, used 141623K [0x00000000d7100000, 0x00000000fe880000, 0x0000000100000000)
  eden space 356864K, 34% used [0x00000000d7100000,0x00000000dead8b80,0x00000000ecd80000)
  from space 140800K, 11% used [0x00000000ecd80000,0x00000000eddf5468,0x00000000f5700000)
  to   space 132096K, 0% used [0x00000000f6780000,0x00000000f6780000,0x00000000fe880000)
 ParOldGen       total 660992K, used 462527K [0x0000000085200000, 0x00000000ad780000, 0x00000000d7100000)
  object space 660992K, 69% used [0x0000000085200000,0x00000000a15afe08,0x00000000ad780000)
 Metaspace       used 10837K, capacity 11050K, committed 11136K, reserved 1058816K
  class space    used 1301K, capacity 1391K, committed 1408K, reserved 1048576K
GC Heap History (10 events):
Event: 8.794 GC heap before
{Heap before GC invocations=23 (full 5):
 PSYoungGen      total 481280K, used 311296K [0x00000000d7100000, 0x00000000ff480000, 0x0000000100000000)
  eden space 311296K, 100% used [0x00000000d7100000,0x00000000ea100000,0x00000000ea100000)
  from space 169984K, 0% used [0x00000000ea100000,0x00000000ea100000,0x00000000f4700000)
  to   space 161280K, 0% used [0x00000000f5700000,0x00000000f5700000,0x00000000ff480000)
 ParOldGen       total 660992K, used 529770K [0x0000000085200000, 0x00000000ad780000, 0x00000000d7100000)
  object space 660992K, 80% used [0x0000000085200000,0x00000000a575aa60,0x00000000ad780000)
 Metaspace       used 10758K, capacity 10978K, committed 11136K, reserved 1058816K
  class space    used 1301K, capacity 1391K, committed 1408K, reserved 1048576K
Event: 8.795 GC heap after
Heap after GC invocations=23 (full 5):
 PSYoungGen      total 491520K, used 3877K [0x00000000d7100000, 0x00000000feb80000, 0x0000000100000000)
  eden space 339456K, 0% used [0x00000000d7100000,0x00000000d7100000,0x00000000ebc80000)
  from space 152064K, 2% used [0x00000000f5700000,0x00000000f5ac9600,0x00000000feb80000)
  to   space 155136K, 0% used [0x00000000ebc80000,0x00000000ebc80000,0x00000000f5400000)
 ParOldGen       total 660992K, used 529778K [0x0000000085200000, 0x00000000ad780000, 0x00000000d7100000)
  object space 660992K, 80% used [0x0000000085200000,0x00000000a575ca60,0x00000000ad780000)
 Metaspace       used 10758K, capacity 10978K, committed 11136K, reserved 1058816K
  class space    used 1301K, capacity 1391K, committed 1408K, reserved 1048576K
}
Event: 9.499 GC heap before
{Heap before GC invocations=24 (full 6):
 PSYoungGen      total 491520K, used 343333K [0x00000000d7100000, 0x00000000feb80000, 0x0000000100000000)
  eden space 339456K, 100% used [0x00000000d7100000,0x00000000ebc80000,0x00000000ebc80000)
  from space 152064K, 2% used [0x00000000f5700000,0x00000000f5ac9600,0x00000000feb80000)
  to   space 155136K, 0% used [0x00000000ebc80000,0x00000000ebc80000,0x00000000f5400000)
 ParOldGen       total 660992K, used 617014K [0x0000000085200000, 0x00000000ad780000, 0x00000000d7100000)
  object space 660992K, 93% used [0x0000000085200000,0x00000000aac8d800,0x00000000ad780000)
 Metaspace       used 10785K, capacity 10978K, committed 11136K, reserved 1058816K
  class space    used 1301K, capacity 1391K, committed 1408K, reserved 1048576K
Event: 9.511 GC heap after
Heap after GC invocations=24 (full 6):
 PSYoungGen      total 491520K, used 0K [0x00000000d7100000, 0x00000000feb80000, 0x0000000100000000)
  eden space 339456K, 0% used [0x00000000d7100000,0x00000000d7100000,0x00000000ebc80000)
  from space 152064K, 0% used [0x00000000f5700000,0x00000000f5700000,0x00000000feb80000)
  to   space 155136K, 0% used [0x00000000ebc80000,0x00000000ebc80000,0x00000000f5400000)
 ParOldGen       total 660992K, used 439079K [0x0000000085200000, 0x00000000ad780000, 0x00000000d7100000)
  object space 660992K, 66% used [0x0000000085200000,0x000000009fec9fc8,0x00000000ad780000)
 Metaspace       used 10785K, capacity 10978K, committed 11136K, reserved 1058816K
  class space    used 1301K, capacity 1391K, committed 1408K, reserved 1048576K
}
Event: 10.098 GC heap before
{Heap before GC invocations=25 (full 6):
 PSYoungGen      total 491520K, used 339456K [0x00000000d7100000, 0x00000000feb80000, 0x0000000100000000)
  eden space 339456K, 100% used [0x00000000d7100000,0x00000000ebc80000,0x00000000ebc80000)
  from space 152064K, 0% used [0x00000000f5700000,0x00000000f5700000,0x00000000feb80000)
  to   space 155136K, 0% used [0x00000000ebc80000,0x00000000ebc80000,0x00000000f5400000)
 ParOldGen       total 660992K, used 462519K [0x0000000085200000, 0x00000000ad780000, 0x00000000d7100000)
  object space 660992K, 69% used [0x0000000085200000,0x00000000a15ade08,0x00000000ad780000)
 Metaspace       used 10805K, capacity 11042K, committed 11136K, reserved 1058816K
  class space    used 1301K, capacity 1391K, committed 1408K, reserved 1048576K
Event: 10.099 GC heap after
Heap after GC invocations=25 (full 6):
 PSYoungGen      total 494592K, used 1990K [0x00000000d7100000, 0x00000000feb80000, 0x0000000100000000)
  eden space 339456K, 0% used [0x00000000d7100000,0x00000000d7100000,0x00000000ebc80000)
  from space 155136K, 1% used [0x00000000ebc80000,0x00000000ebe71810,0x00000000f5400000)
  to   space 152064K, 0% used [0x00000000f5700000,0x00000000f5700000,0x00000000feb80000)
 ParOldGen       total 660992K, used 462527K [0x0000000085200000, 0x00000000ad780000, 0x00000000d7100000)
  object space 660992K, 69% used [0x0000000085200000,0x00000000a15afe08,0x00000000ad780000)
 Metaspace       used 10805K, capacity 11042K, committed 11136K, reserved 1058816K
  class space    used 1301K, capacity 1391K, committed 1408K, reserved 1048576K
}
Event: 10.655 GC heap before
{Heap before GC invocations=26 (full 6):
 PSYoungGen      total 494592K, used 340217K [0x00000000d7100000, 0x00000000feb80000, 0x0000000100000000)
  eden space 339456K, 99% used [0x00000000d7100000,0x00000000ebb4cfc8,0x00000000ebc80000)
  from space 155136K, 1% used [0x00000000ebc80000,0x00000000ebe71810,0x00000000f5400000)
  to   space 152064K, 0% used [0x00000000f5700000,0x00000000f5700000,0x00000000feb80000)
 ParOldGen       total 660992K, used 462527K [0x0000000085200000, 0x00000000ad780000, 0x00000000d7100000)
  object space 660992K, 69% used [0x0000000085200000,0x00000000a15afe08,0x00000000ad780000)
 Metaspace       used 10812K, capacity 11050K, committed 11136K, reserved 1058816K
  class space    used 1301K, capacity 1391K, committed 1408K, reserved 1048576K
Event: 10.658 GC heap after
Heap after GC invocations=26 (full 6):
 PSYoungGen      total 504320K, used 16036K [0x00000000d7100000, 0x00000000fe700000, 0x0000000100000000)
  eden space 356864K, 0% used [0x00000000d7100000,0x00000000d7100000,0x00000000ecd80000)
  from space 147456K, 10% used [0x00000000f5700000,0x00000000f66a9058,0x00000000fe700000)
  to   space 140800K, 0% used [0x00000000ecd80000,0x00000000ecd80000,0x00000000f5700000)
 ParOldGen       total 660992K, used 462527K [0x0000000085200000, 0x00000000ad780000, 0x00000000d7100000)
  object space 660992K, 69% used [0x0000000085200000,0x00000000a15afe08,0x00000000ad780000)
 Metaspace       used 10812K, capacity 11050K, committed 11136K, reserved 1058816K
  class space    used 1301K, capacity 1391K, committed 1408K, reserved 1048576K
}
Event: 11.231 GC heap before
{Heap before GC invocations=27 (full 6):
 PSYoungGen      total 504320K, used 368832K [0x00000000d7100000, 0x00000000fe700000, 0x0000000100000000)
  eden space 356864K, 98% used [0x00000000d7100000,0x00000000ec987180,0x00000000ecd80000)
  from space 147456K, 10% used [0x00000000f5700000,0x00000000f66a9058,0x00000000fe700000)
  to   space 140800K, 0% used [0x00000000ecd80000,0x00000000ecd80000,0x00000000f5700000)
 ParOldGen       total 660992K, used 462527K [0x0000000085200000, 0x00000000ad780000, 0x00000000d7100000)
  object space 660992K, 69% used [0x0000000085200000,0x00000000a15afe08,0x00000000ad780000)
 Metaspace       used 10834K, capacity 11050K, committed 11136K, reserved 1058816K
  class space    used 1301K, capacity 1391K, committed 1408K, reserved 1048576K
Event: 11.235 GC heap after
Heap after GC invocations=27 (full 6):
 PSYoungGen      total 497664K, used 16853K [0x00000000d7100000, 0x00000000fe880000, 0x0000000100000000)
  eden space 356864K, 0% used [0x00000000d7100000,0x00000000d7100000,0x00000000ecd80000)
  from space 140800K, 11% used [0x00000000ecd80000,0x00000000eddf5468,0x00000000f5700000)
  to   space 132096K, 0% used [0x00000000f6780000,0x00000000f6780000,0x00000000fe880000)
 ParOldGen       total 660992K, used 462527K [0x0000000085200000, 0x00000000ad780000, 0x00000000d7100000)
  object space 660992K, 69% used [0x0000000085200000,0x00000000a15afe08,0x00000000ad780000)
 Metaspace       used 10834K, capacity 11050K, committed 11136K, reserved 1058816K
  class space    used 1301K, capacity 1391K, committed 1408K, reserved 1048576K
}

